# project noname (0.0.1) configured on Wed May 23 02:06:21 2012 by
# waf 1.5.16 (abi 7, python 20605f0 on linux2)
# using /home/hecomi/.nave/installed/0.6.9/bin/node-waf configure build
#

----------------------------------------
Checking for program g++ or c++
  find program=['g++', 'c++'] paths=[] var='CXX'
  -> '/usr/bin/g++'

----------------------------------------
Checking for program cpp
  find program=['cpp'] paths=[] var='CPP'
  -> '/usr/bin/cpp'

----------------------------------------
Checking for program ar
  find program=['ar'] paths=[] var='AR'
  -> '/usr/bin/ar'

----------------------------------------
Checking for program ranlib
  find program=['ranlib'] paths=[] var='RANLIB'
  -> '/usr/bin/ranlib'

----------------------------------------
Checking for g++ 
ok 

----------------------------------------
Checking for node path 
ok /home/hecomi/.nave/installed/0.6.9/lib/node

----------------------------------------
Checking for node prefix 
ok /home/hecomi/.nave/installed/0.6.9
